<?xml version="1.0" encoding="UTF-8"?>
<testsuite name="com.qa.ilCarro.tests.RegistrationTests" tests="1" skipped="0" failures="0" errors="0" timestamp="2020-07-03T11:19:26" hostname="DESKTOP-NPA4CH3" time="6.576">
  <properties/>
  <testcase name="registrationFromHeader" classname="com.qa.ilCarro.tests.RegistrationTests" time="6.576"/>
  <system-out><![CDATA[14:19:26.516 [Test worker] INFO  com.qa.ilCarro.tests.TestBase - Start test registrationFromHeader with parametrs []
14:19:33.095 [Test worker] INFO  com.qa.ilCarro.tests.TestBase - Stop test registrationFromHeader
]]></system-out>
  <system-err><![CDATA[]]></system-err>
</testsuite>
